2014-07-23 15:36:07,377 [localhost-startStop-1] ERROR StackTrace  - Full Stack Trace:
java.lang.IllegalArgumentException: Multiple message parameters present on the method [handleMessage] of class [grails.websocket.example.MyServletChatListenerAnnotated] that was annotated with OnMessage
	at org.apache.tomcat.websocket.pojo.PojoMethodMapping$MessageHandlerInfo.<init>(PojoMethodMapping.java:322)
	at org.apache.tomcat.websocket.pojo.PojoMethodMapping.<init>(PojoMethodMapping.java:114)
	at org.apache.tomcat.websocket.server.WsServerContainer.addEndpoint(WsServerContainer.java:239)
	at javax.websocket.server.ServerContainer$addEndpoint.call(Unknown Source)
	at org.codehaus.groovy.runtime.callsite.CallSiteArray.defaultCall(CallSiteArray.java:45)
	at org.codehaus.groovy.runtime.callsite.AbstractCallSite.call(AbstractCallSite.java:108)
	at org.codehaus.groovy.runtime.callsite.AbstractCallSite.call(AbstractCallSite.java:116)
	at grails.websocket.example.MyServletChatListenerAnnotated.contextInitialized(MyServletChatListenerAnnotated.groovy:33)
	at org.apache.catalina.core.StandardContext.listenerStart(StandardContext.java:4973)
	at org.apache.catalina.core.StandardContext.startInternal(StandardContext.java:5467)
	at org.apache.catalina.util.LifecycleBase.start(LifecycleBase.java:150)
	at org.apache.catalina.core.ContainerBase$StartChild.call(ContainerBase.java:1559)
	at org.apache.catalina.core.ContainerBase$StartChild.call(ContainerBase.java:1549)
	at java.util.concurrent.FutureTask.run(FutureTask.java:262)
	at java.util.concurrent.ThreadPoolExecutor.runWorker(ThreadPoolExecutor.java:1145)
	at java.util.concurrent.ThreadPoolExecutor$Worker.run(ThreadPoolExecutor.java:615)
	at java.lang.Thread.run(Thread.java:744)
2014-07-23 15:36:07,379 [localhost-startStop-1] ERROR StackTrace  - Full Stack Trace:
java.lang.IllegalArgumentException: Multiple message parameters present on the method [handleMessage] of class [grails.websocket.example.MyServletChatListenerAnnotated] that was annotated with OnMessage
	at grails.websocket.example.MyServletChatListenerAnnotated.contextInitialized(MyServletChatListenerAnnotated.groovy:33)
	at java.util.concurrent.FutureTask.run(FutureTask.java:262)
	at java.util.concurrent.ThreadPoolExecutor.runWorker(ThreadPoolExecutor.java:1145)
	at java.util.concurrent.ThreadPoolExecutor$Worker.run(ThreadPoolExecutor.java:615)
	at java.lang.Thread.run(Thread.java:744)
2014-07-23 15:38:46,000 [localhost-startStop-1] ERROR StackTrace  - Full Stack Trace:
java.lang.IllegalArgumentException: Multiple message parameters present on the method [handleMessage] of class [grails.websocket.example.MyServletChatListenerAnnotated] that was annotated with OnMessage
	at org.apache.tomcat.websocket.pojo.PojoMethodMapping$MessageHandlerInfo.<init>(PojoMethodMapping.java:322)
	at org.apache.tomcat.websocket.pojo.PojoMethodMapping.<init>(PojoMethodMapping.java:114)
	at org.apache.tomcat.websocket.server.WsServerContainer.addEndpoint(WsServerContainer.java:239)
	at javax.websocket.server.ServerContainer$addEndpoint.call(Unknown Source)
	at org.codehaus.groovy.runtime.callsite.CallSiteArray.defaultCall(CallSiteArray.java:45)
	at org.codehaus.groovy.runtime.callsite.AbstractCallSite.call(AbstractCallSite.java:108)
	at org.codehaus.groovy.runtime.callsite.AbstractCallSite.call(AbstractCallSite.java:116)
	at grails.websocket.example.MyServletChatListenerAnnotated.contextInitialized(MyServletChatListenerAnnotated.groovy:33)
	at org.apache.catalina.core.StandardContext.listenerStart(StandardContext.java:4973)
	at org.apache.catalina.core.StandardContext.startInternal(StandardContext.java:5467)
	at org.apache.catalina.util.LifecycleBase.start(LifecycleBase.java:150)
	at org.apache.catalina.core.ContainerBase$StartChild.call(ContainerBase.java:1559)
	at org.apache.catalina.core.ContainerBase$StartChild.call(ContainerBase.java:1549)
	at java.util.concurrent.FutureTask.run(FutureTask.java:262)
	at java.util.concurrent.ThreadPoolExecutor.runWorker(ThreadPoolExecutor.java:1145)
	at java.util.concurrent.ThreadPoolExecutor$Worker.run(ThreadPoolExecutor.java:615)
	at java.lang.Thread.run(Thread.java:744)
2014-07-23 15:38:46,002 [localhost-startStop-1] ERROR StackTrace  - Full Stack Trace:
java.lang.IllegalArgumentException: Multiple message parameters present on the method [handleMessage] of class [grails.websocket.example.MyServletChatListenerAnnotated] that was annotated with OnMessage
	at grails.websocket.example.MyServletChatListenerAnnotated.contextInitialized(MyServletChatListenerAnnotated.groovy:33)
	at java.util.concurrent.FutureTask.run(FutureTask.java:262)
	at java.util.concurrent.ThreadPoolExecutor.runWorker(ThreadPoolExecutor.java:1145)
	at java.util.concurrent.ThreadPoolExecutor$Worker.run(ThreadPoolExecutor.java:615)
	at java.lang.Thread.run(Thread.java:744)
2014-07-23 15:42:05,317 [localhost-startStop-1] ERROR StackTrace  - Full Stack Trace:
java.lang.IllegalArgumentException: Multiple message parameters present on the method [handleMessage] of class [grails.websocket.example.MyServletChatListenerAnnotated] that was annotated with OnMessage
	at org.apache.tomcat.websocket.pojo.PojoMethodMapping$MessageHandlerInfo.<init>(PojoMethodMapping.java:322)
	at org.apache.tomcat.websocket.pojo.PojoMethodMapping.<init>(PojoMethodMapping.java:114)
	at org.apache.tomcat.websocket.server.WsServerContainer.addEndpoint(WsServerContainer.java:239)
	at javax.websocket.server.ServerContainer$addEndpoint.call(Unknown Source)
	at org.codehaus.groovy.runtime.callsite.CallSiteArray.defaultCall(CallSiteArray.java:45)
	at org.codehaus.groovy.runtime.callsite.AbstractCallSite.call(AbstractCallSite.java:108)
	at org.codehaus.groovy.runtime.callsite.AbstractCallSite.call(AbstractCallSite.java:116)
	at grails.websocket.example.MyServletChatListenerAnnotated.contextInitialized(MyServletChatListenerAnnotated.groovy:30)
	at org.apache.catalina.core.StandardContext.listenerStart(StandardContext.java:4973)
	at org.apache.catalina.core.StandardContext.startInternal(StandardContext.java:5467)
	at org.apache.catalina.util.LifecycleBase.start(LifecycleBase.java:150)
	at org.apache.catalina.core.ContainerBase$StartChild.call(ContainerBase.java:1559)
	at org.apache.catalina.core.ContainerBase$StartChild.call(ContainerBase.java:1549)
	at java.util.concurrent.FutureTask.run(FutureTask.java:262)
	at java.util.concurrent.ThreadPoolExecutor.runWorker(ThreadPoolExecutor.java:1145)
	at java.util.concurrent.ThreadPoolExecutor$Worker.run(ThreadPoolExecutor.java:615)
	at java.lang.Thread.run(Thread.java:744)
2014-07-23 15:42:05,319 [localhost-startStop-1] ERROR StackTrace  - Full Stack Trace:
java.lang.IllegalArgumentException: Multiple message parameters present on the method [handleMessage] of class [grails.websocket.example.MyServletChatListenerAnnotated] that was annotated with OnMessage
	at grails.websocket.example.MyServletChatListenerAnnotated.contextInitialized(MyServletChatListenerAnnotated.groovy:30)
	at java.util.concurrent.FutureTask.run(FutureTask.java:262)
	at java.util.concurrent.ThreadPoolExecutor.runWorker(ThreadPoolExecutor.java:1145)
	at java.util.concurrent.ThreadPoolExecutor$Worker.run(ThreadPoolExecutor.java:615)
	at java.lang.Thread.run(Thread.java:744)
2014-07-23 15:46:19,779 [localhost-startStop-1] ERROR StackTrace  - Full Stack Trace:
java.lang.IllegalArgumentException: Multiple message parameters present on the method [handleMessage] of class [grails.websocket.example.MyServletChatListenerAnnotated] that was annotated with OnMessage
	at org.apache.tomcat.websocket.pojo.PojoMethodMapping$MessageHandlerInfo.<init>(PojoMethodMapping.java:322)
	at org.apache.tomcat.websocket.pojo.PojoMethodMapping.<init>(PojoMethodMapping.java:114)
	at org.apache.tomcat.websocket.server.WsServerContainer.addEndpoint(WsServerContainer.java:239)
	at javax.websocket.server.ServerContainer$addEndpoint.call(Unknown Source)
	at org.codehaus.groovy.runtime.callsite.CallSiteArray.defaultCall(CallSiteArray.java:45)
	at org.codehaus.groovy.runtime.callsite.AbstractCallSite.call(AbstractCallSite.java:108)
	at org.codehaus.groovy.runtime.callsite.AbstractCallSite.call(AbstractCallSite.java:116)
	at grails.websocket.example.MyServletChatListenerAnnotated.contextInitialized(MyServletChatListenerAnnotated.groovy:30)
	at org.apache.catalina.core.StandardContext.listenerStart(StandardContext.java:4973)
	at org.apache.catalina.core.StandardContext.startInternal(StandardContext.java:5467)
	at org.apache.catalina.util.LifecycleBase.start(LifecycleBase.java:150)
	at org.apache.catalina.core.ContainerBase$StartChild.call(ContainerBase.java:1559)
	at org.apache.catalina.core.ContainerBase$StartChild.call(ContainerBase.java:1549)
	at java.util.concurrent.FutureTask.run(FutureTask.java:262)
	at java.util.concurrent.ThreadPoolExecutor.runWorker(ThreadPoolExecutor.java:1145)
	at java.util.concurrent.ThreadPoolExecutor$Worker.run(ThreadPoolExecutor.java:615)
	at java.lang.Thread.run(Thread.java:744)
2014-07-23 15:46:19,781 [localhost-startStop-1] ERROR StackTrace  - Full Stack Trace:
java.lang.IllegalArgumentException: Multiple message parameters present on the method [handleMessage] of class [grails.websocket.example.MyServletChatListenerAnnotated] that was annotated with OnMessage
	at grails.websocket.example.MyServletChatListenerAnnotated.contextInitialized(MyServletChatListenerAnnotated.groovy:30)
	at java.util.concurrent.FutureTask.run(FutureTask.java:262)
	at java.util.concurrent.ThreadPoolExecutor.runWorker(ThreadPoolExecutor.java:1145)
	at java.util.concurrent.ThreadPoolExecutor$Worker.run(ThreadPoolExecutor.java:615)
	at java.lang.Thread.run(Thread.java:744)
2014-07-23 15:48:56,555 [localhost-startStop-1] ERROR StackTrace  - Full Stack Trace:
java.lang.IllegalArgumentException: Multiple message parameters present on the method [handleMessage] of class [grails.websocket.example.MyServletChatListenerAnnotated] that was annotated with OnMessage
	at org.apache.tomcat.websocket.pojo.PojoMethodMapping$MessageHandlerInfo.<init>(PojoMethodMapping.java:322)
	at org.apache.tomcat.websocket.pojo.PojoMethodMapping.<init>(PojoMethodMapping.java:114)
	at org.apache.tomcat.websocket.server.WsServerContainer.addEndpoint(WsServerContainer.java:239)
	at javax.websocket.server.ServerContainer$addEndpoint.call(Unknown Source)
	at org.codehaus.groovy.runtime.callsite.CallSiteArray.defaultCall(CallSiteArray.java:45)
	at org.codehaus.groovy.runtime.callsite.AbstractCallSite.call(AbstractCallSite.java:108)
	at org.codehaus.groovy.runtime.callsite.AbstractCallSite.call(AbstractCallSite.java:116)
	at grails.websocket.example.MyServletChatListenerAnnotated.contextInitialized(MyServletChatListenerAnnotated.groovy:30)
	at org.apache.catalina.core.StandardContext.listenerStart(StandardContext.java:4973)
	at org.apache.catalina.core.StandardContext.startInternal(StandardContext.java:5467)
	at org.apache.catalina.util.LifecycleBase.start(LifecycleBase.java:150)
	at org.apache.catalina.core.ContainerBase$StartChild.call(ContainerBase.java:1559)
	at org.apache.catalina.core.ContainerBase$StartChild.call(ContainerBase.java:1549)
	at java.util.concurrent.FutureTask.run(FutureTask.java:262)
	at java.util.concurrent.ThreadPoolExecutor.runWorker(ThreadPoolExecutor.java:1145)
	at java.util.concurrent.ThreadPoolExecutor$Worker.run(ThreadPoolExecutor.java:615)
	at java.lang.Thread.run(Thread.java:744)
2014-07-23 15:48:56,558 [localhost-startStop-1] ERROR StackTrace  - Full Stack Trace:
java.lang.IllegalArgumentException: Multiple message parameters present on the method [handleMessage] of class [grails.websocket.example.MyServletChatListenerAnnotated] that was annotated with OnMessage
	at grails.websocket.example.MyServletChatListenerAnnotated.contextInitialized(MyServletChatListenerAnnotated.groovy:30)
	at java.util.concurrent.FutureTask.run(FutureTask.java:262)
	at java.util.concurrent.ThreadPoolExecutor.runWorker(ThreadPoolExecutor.java:1145)
	at java.util.concurrent.ThreadPoolExecutor$Worker.run(ThreadPoolExecutor.java:615)
	at java.lang.Thread.run(Thread.java:744)
